<?xml version="1.0" encoding="UTF-8"?>
<!-- Generated by org.testng.reporters.JUnitReportReporter -->
<testsuite skipped="0" hostname="mounikasolleti" name="qsp.SampleTest" tests="1" failures="0" timestamp="04 Sep 2017 19:01:57 GMT" time="0.016" errors="0">
  <testcase name="sample" time="0.016" classname="qsp.SampleTest"/>
</testsuite> <!-- qsp.SampleTest -->
